0 info it worked if it ends with ok
1 verbose cli [ '/usr/local/bin/node',
1 verbose cli   '/usr/local/bin/npm',
1 verbose cli   'rebuild',
1 verbose cli   'node-sass' ]
2 info using npm@4.1.2
3 info using node@v7.7.1
4 info readInstalled object
5 verbose rebuild path, id [ '/app/node_modules/node-sass-middleware/node_modules/node-sass',
5 verbose rebuild   'node-sass@3.13.1' ]
6 verbose rebuild path, id [ '/app/node_modules/node-sass', 'node-sass@4.5.0' ]
7 silly rebuild set [ '/app/node_modules/node-sass-middleware/node_modules/node-sass',
7 silly rebuild set   '/app/node_modules/node-sass' ]
8 info build /app/node_modules/node-sass-middleware/node_modules/node-sass
9 info lifecycle node-sass@3.13.1~preinstall: node-sass@3.13.1
10 silly lifecycle node-sass@3.13.1~preinstall: no script for preinstall, continuing
11 info linkStuff node-sass@3.13.1
12 silly linkStuff node-sass@3.13.1 has /app/node_modules/node-sass-middleware/node_modules as its parent node_modules
13 verbose linkBins node-sass@3.13.1
14 verbose linkBins [ { 'node-sass': 'bin/node-sass' },
14 verbose linkBins   '/app/node_modules/node-sass-middleware/node_modules/.bin',
14 verbose linkBins   false ]
15 verbose linkMans node-sass@3.13.1
16 verbose rebuildBundles node-sass@3.13.1
17 info lifecycle node-sass@3.13.1~install: node-sass@3.13.1
18 verbose lifecycle node-sass@3.13.1~install: unsafe-perm in lifecycle false
19 verbose lifecycle node-sass@3.13.1~install: PATH: /usr/local/lib/node_modules/npm/bin/node-gyp-bin:/app/node_modules/node-sass-middleware/node_modules/node-sass/node_modules/.bin:/app/node_modules/node-sass-middleware/node_modules/.bin:/app/node_modules/.bin:/usr/local/sbin:/usr/local/bin:/usr/sbin:/usr/bin:/sbin:/bin
20 verbose lifecycle node-sass@3.13.1~install: CWD: /app/node_modules/node-sass-middleware/node_modules/node-sass
21 silly lifecycle node-sass@3.13.1~install: Args: [ '-c', 'node scripts/install.js' ]
22 silly lifecycle node-sass@3.13.1~install: Returned: code: 0  signal: null
23 info lifecycle node-sass@3.13.1~postinstall: node-sass@3.13.1
24 verbose lifecycle node-sass@3.13.1~postinstall: unsafe-perm in lifecycle false
25 verbose lifecycle node-sass@3.13.1~postinstall: PATH: /usr/local/lib/node_modules/npm/bin/node-gyp-bin:/app/node_modules/node-sass-middleware/node_modules/node-sass/node_modules/.bin:/app/node_modules/node-sass-middleware/node_modules/.bin:/app/node_modules/.bin:/usr/local/sbin:/usr/local/bin:/usr/sbin:/usr/bin:/sbin:/bin
26 verbose lifecycle node-sass@3.13.1~postinstall: CWD: /app/node_modules/node-sass-middleware/node_modules/node-sass
27 silly lifecycle node-sass@3.13.1~postinstall: Args: [ '-c', 'node scripts/build.js' ]
28 silly lifecycle node-sass@3.13.1~postinstall: Returned: code: 1  signal: null
29 info lifecycle node-sass@3.13.1~postinstall: Failed to exec postinstall script
30 verbose stack Error: node-sass@3.13.1 postinstall: `node scripts/build.js`
30 verbose stack Exit status 1
30 verbose stack     at EventEmitter.<anonymous> (/usr/local/lib/node_modules/npm/lib/utils/lifecycle.js:279:16)
30 verbose stack     at emitTwo (events.js:106:13)
30 verbose stack     at EventEmitter.emit (events.js:194:7)
30 verbose stack     at ChildProcess.<anonymous> (/usr/local/lib/node_modules/npm/lib/utils/spawn.js:40:14)
30 verbose stack     at emitTwo (events.js:106:13)
30 verbose stack     at ChildProcess.emit (events.js:194:7)
30 verbose stack     at maybeClose (internal/child_process.js:899:16)
30 verbose stack     at Process.ChildProcess._handle.onexit (internal/child_process.js:226:5)
31 verbose pkgid node-sass@3.13.1
32 verbose cwd /app
33 error Linux 4.9.12-moby
34 error argv "/usr/local/bin/node" "/usr/local/bin/npm" "rebuild" "node-sass"
35 error node v7.7.1
36 error npm  v4.1.2
37 error code ELIFECYCLE
38 error node-sass@3.13.1 postinstall: `node scripts/build.js`
38 error Exit status 1
39 error Failed at the node-sass@3.13.1 postinstall script 'node scripts/build.js'.
39 error Make sure you have the latest version of node.js and npm installed.
39 error If you do, this is most likely a problem with the node-sass package,
39 error not with npm itself.
39 error Tell the author that this fails on your system:
39 error     node scripts/build.js
39 error You can get information on how to open an issue for this project with:
39 error     npm bugs node-sass
39 error Or if that isn't available, you can get their info via:
39 error     npm owner ls node-sass
39 error There is likely additional logging output above.
40 verbose exit [ 1, true ]
